app/build/intermediates/manifest_merge_blame_file/debug/manifest-merger-blame-debug-report.txt
1<?xml version="1.0" encoding="utf-8"?>
2<manifest xmlns:android="http://schemas.android.com/apk/res/android"
3    package="com.clovertech.autolibdz"
4    android:versionCode="1"
5    android:versionName="1.0" >
6
7    <uses-sdk
8        android:minSdkVersion="23"
8-->src\main\AndroidManifest.xml
9        android:targetSdkVersion="30" />
9-->src\main\AndroidManifest.xml
10
11    <uses-permission android:name="android.permission.ACCESS_COARSE_LOCATION" />
11-->src\main\AndroidManifest.xml:4:5-81
11-->src\main\AndroidManifest.xml:4:22-78
12    <uses-permission android:name="android.permission.ACCESS_FINE_LOCATION" />
12-->src\main\AndroidManifest.xml:5:5-79
12-->src\main\AndroidManifest.xml:5:22-76
13    <uses-permission
13-->src\main\AndroidManifest.xml:6:5-9:42
14        android:name="android.permission.CAMERA"
14-->src\main\AndroidManifest.xml:7:9-49
15        android:required="true"
15-->src\main\AndroidManifest.xml:8:9-32
16        android:requiredFeature="true" />
16-->src\main\AndroidManifest.xml:9:9-39
17    <uses-permission android:name="android.permission.WRITE_EXTERNAL_STORAGE" />
17-->src\main\AndroidManifest.xml:10:5-81
17-->src\main\AndroidManifest.xml:10:22-78
18    <uses-permission android:name="android.permission.BLUETOOTH" />
18-->src\main\AndroidManifest.xml:12:5-68
18-->src\main\AndroidManifest.xml:12:22-65
19    <uses-permission android:name="android.permission.BLUETOOTH_ADMIN" />
19-->src\main\AndroidManifest.xml:13:5-74
19-->src\main\AndroidManifest.xml:13:22-71
20    <uses-permission android:name="android.permission.INTERNET" />
20-->src\main\AndroidManifest.xml:15:5-67
20-->src\main\AndroidManifest.xml:15:22-64
21    <uses-permission android:name="android.permission.ACCESS_NETWORK_STATE" />
21-->src\main\AndroidManifest.xml:17:5-79
21-->src\main\AndroidManifest.xml:17:22-76
22
23    <uses-feature
23-->[com.google.android.gms:play-services-maps:17.0.1] AndroidManifest.xml:26:5-28:35
24        android:glEsVersion="0x00020000"
24-->[com.google.android.gms:play-services-maps:17.0.1] AndroidManifest.xml:27:9-41
25        android:required="true" />
25-->[com.google.android.gms:play-services-maps:17.0.1] AndroidManifest.xml:28:9-32
26
27    <queries>
27-->[com.google.android.gms:play-services-maps:17.0.1] AndroidManifest.xml:30:5-34:15
28
29        <!-- Needs to be explicitly declared on Android R+ -->
30        <package android:name="com.google.android.apps.maps" />
30-->[com.google.android.gms:play-services-maps:17.0.1] AndroidManifest.xml:33:9-64
30-->[com.google.android.gms:play-services-maps:17.0.1] AndroidManifest.xml:33:18-61
31    </queries>
32
33    <application
33-->src\main\AndroidManifest.xml:19:5-52:19
34        android:allowBackup="true"
34-->src\main\AndroidManifest.xml:20:9-35
35        android:appComponentFactory="androidx.core.app.CoreComponentFactory"
35-->[androidx.core:core:1.6.0] AndroidManifest.xml:24:18-86
36        android:debuggable="true"
37        android:extractNativeLibs="false"
38        android:icon="@mipmap/ic_launcher"
38-->src\main\AndroidManifest.xml:21:9-43
39        android:label="@string/app_name"
39-->src\main\AndroidManifest.xml:22:9-41
40        android:roundIcon="@mipmap/ic_launcher_round"
40-->src\main\AndroidManifest.xml:23:9-54
41        android:supportsRtl="true"
41-->src\main\AndroidManifest.xml:24:9-35
42        android:testOnly="true"
43        android:theme="@style/Theme.AutoLibDZ"
43-->src\main\AndroidManifest.xml:26:9-47
44        android:usesCleartextTraffic="true" >
44-->src\main\AndroidManifest.xml:25:9-44
45        <activity android:name="com.clovertech.autolibdz.activities.password.ResetPasswordActivity" />
45-->src\main\AndroidManifest.xml:27:9-103
45-->src\main\AndroidManifest.xml:27:19-100
46        <activity android:name="com.clovertech.autolibdz.activities.auth.RegisterActivity" />
46-->src\main\AndroidManifest.xml:28:9-94
46-->src\main\AndroidManifest.xml:28:19-91
47        <activity
47-->src\main\AndroidManifest.xml:29:9-31:47
48            android:name="com.clovertech.autolibdz.activities.HomeActivity"
48-->src\main\AndroidManifest.xml:29:19-58
49            android:theme="@style/Theme.AutoLibDZ"
49-->src\main\AndroidManifest.xml:30:9-47
50            android:usesCleartextTraffic="true" />
50-->src\main\AndroidManifest.xml:31:9-44
51        <activity
51-->src\main\AndroidManifest.xml:32:9-35:66
52            android:name="com.clovertech.autolibdz.activities.auth.LoginActivity"
52-->src\main\AndroidManifest.xml:33:13-82
53            android:label="@string/app_name"
53-->src\main\AndroidManifest.xml:34:13-45
54            android:theme="@style/Theme.AutoLibDZ.NoActionBar" />
54-->src\main\AndroidManifest.xml:35:13-63
55        <activity android:name="com.clovertech.autolibdz.activities.OnBoardingActivity" />
55-->src\main\AndroidManifest.xml:37:9-66
55-->src\main\AndroidManifest.xml:37:19-64
56        <activity android:name="com.clovertech.autolibdz.activities.MainActivity" />
56-->src\main\AndroidManifest.xml:38:9-60
56-->src\main\AndroidManifest.xml:38:19-58
57        <activity android:name="com.clovertech.autolibdz.activities.CarsActivity" />
57-->src\main\AndroidManifest.xml:39:9-60
57-->src\main\AndroidManifest.xml:39:19-58
58        <activity android:name="com.clovertech.autolibdz.activities.EndLocationActivity" />
58-->src\main\AndroidManifest.xml:40:9-67
58-->src\main\AndroidManifest.xml:40:19-65
59        <activity android:name="com.clovertech.autolibdz.activities.SplashActivity" >
59-->src\main\AndroidManifest.xml:41:9-46:20
59-->src\main\AndroidManifest.xml:41:19-60
60            <intent-filter>
60-->src\main\AndroidManifest.xml:42:13-45:29
61                <action android:name="android.intent.action.MAIN" />
61-->src\main\AndroidManifest.xml:43:17-69
61-->src\main\AndroidManifest.xml:43:25-66
62
63                <category android:name="android.intent.category.LAUNCHER" />
63-->src\main\AndroidManifest.xml:44:17-77
63-->src\main\AndroidManifest.xml:44:27-74
64            </intent-filter>
65        </activity>
66        <activity android:name="com.clovertech.autolibdz.activities.FindYourCarActivity" />
66-->src\main\AndroidManifest.xml:47:9-67
66-->src\main\AndroidManifest.xml:47:19-65
67
68        <meta-data
68-->src\main\AndroidManifest.xml:49:9-51:47
69            android:name="com.google.android.geo.API_KEY"
69-->src\main\AndroidManifest.xml:50:13-58
70            android:value="@string/map_key" />
70-->src\main\AndroidManifest.xml:51:13-44
71        <!-- Needs to be explicitly declared on P+ -->
72        <uses-library
72-->[com.google.android.gms:play-services-maps:17.0.1] AndroidManifest.xml:39:9-41:40
73            android:name="org.apache.http.legacy"
73-->[com.google.android.gms:play-services-maps:17.0.1] AndroidManifest.xml:40:13-50
74            android:required="false" />
74-->[com.google.android.gms:play-services-maps:17.0.1] AndroidManifest.xml:41:13-37
75
76        <activity
76-->[com.google.android.gms:play-services-base:17.5.0] AndroidManifest.xml:23:9-26:75
77            android:name="com.google.android.gms.common.api.GoogleApiActivity"
77-->[com.google.android.gms:play-services-base:17.5.0] AndroidManifest.xml:24:13-79
78            android:exported="false"
78-->[com.google.android.gms:play-services-base:17.5.0] AndroidManifest.xml:25:13-37
79            android:theme="@android:style/Theme.Translucent.NoTitleBar" />
79-->[com.google.android.gms:play-services-base:17.5.0] AndroidManifest.xml:26:13-72
80
81        <meta-data
81-->[com.google.android.gms:play-services-basement:17.5.0] AndroidManifest.xml:23:9-25:69
82            android:name="com.google.android.gms.version"
82-->[com.google.android.gms:play-services-basement:17.5.0] AndroidManifest.xml:24:13-58
83            android:value="@integer/google_play_services_version" />
83-->[com.google.android.gms:play-services-basement:17.5.0] AndroidManifest.xml:25:13-66
84    </application>
85
86</manifest>